<?xml version="1.0" encoding="UTF-8"?>
<testng-results ignored="0" total="1" passed="1" failed="0" skipped="0">
  <reporter-output>
  </reporter-output>
  <suite started-at="2024-10-21T04:15:07 IST" name="Default Suite" finished-at="2024-10-21T04:15:07 IST" duration-ms="34">
    <groups>
    </groups>
    <test started-at="2024-10-21T04:15:07 IST" name="GoogleSIT" finished-at="2024-10-21T04:15:07 IST" duration-ms="34">
      <class name="stepDefinitions.Demo">
        <test-method signature="test1()[pri:0, instance:stepDefinitions.Demo@73d983ea]" started-at="2024-10-21T04:15:07 IST" name="test1" finished-at="2024-10-21T04:15:07 IST" duration-ms="7" status="PASS">
          <reporter-output>
          </reporter-output>
        </test-method> <!-- test1 -->
      </class> <!-- stepDefinitions.Demo -->
    </test> <!-- GoogleSIT -->
  </suite> <!-- Default Suite -->
</testng-results>
